[UID:1925][1602264] Child process with pid: 1610077 was killed by signal: 9, core dumped: no
/home/trplbmyi/virtualenv/domains/trpl7b.my.id/public_html/paru/3.11/lib/python3.11/site-packages/librosa/core/intervals.py:8: UserWarning: pkg_resources is deprecated as an API. See https://setuptools.pypa.io/en/latest/pkg_resources.html. The pkg_resources package is slated for removal as early as 2025-11-30. Refrain from using this package or pin to Setuptools<81.
  from pkg_resources import resource_filename
/home/trplbmyi/virtualenv/domains/trpl7b.my.id/public_html/paru/3.11/lib64/python3.11/site-packages/sklearn/base.py:465: UserWarning: X does not have valid feature names, but StandardScaler was fitted with feature names
  warnings.warn(
/home/trplbmyi/virtualenv/domains/trpl7b.my.id/public_html/paru/3.11/lib/python3.11/site-packages/librosa/core/intervals.py:8: UserWarning: pkg_resources is deprecated as an API. See https://setuptools.pypa.io/en/latest/pkg_resources.html. The pkg_resources package is slated for removal as early as 2025-11-30. Refrain from using this package or pin to Setuptools<81.
  from pkg_resources import resource_filename
/home/trplbmyi/virtualenv/domains/trpl7b.my.id/public_html/paru/3.11/lib64/python3.11/site-packages/sklearn/base.py:465: UserWarning: X does not have valid feature names, but StandardScaler was fitted with feature names
  warnings.warn(
/home/trplbmyi/virtualenv/domains/trpl7b.my.id/public_html/paru/3.11/lib64/python3.11/site-packages/sklearn/base.py:465: UserWarning: X does not have valid feature names, but StandardScaler was fitted with feature names
  warnings.warn(
/home/trplbmyi/virtualenv/domains/trpl7b.my.id/public_html/paru/3.11/lib64/python3.11/site-packages/sklearn/base.py:465: UserWarning: X does not have valid feature names, but StandardScaler was fitted with feature names
  warnings.warn(
/home/trplbmyi/virtualenv/domains/trpl7b.my.id/public_html/paru/3.11/lib64/python3.11/site-packages/sklearn/base.py:465: UserWarning: X does not have valid feature names, but StandardScaler was fitted with feature names
  warnings.warn(
/home/trplbmyi/virtualenv/domains/trpl7b.my.id/public_html/paru/3.11/lib64/python3.11/site-packages/sklearn/base.py:465: UserWarning: X does not have valid feature names, but StandardScaler was fitted with feature names
  warnings.warn(
/home/trplbmyi/virtualenv/domains/trpl7b.my.id/public_html/paru/3.11/lib64/python3.11/site-packages/sklearn/base.py:465: UserWarning: X does not have valid feature names, but StandardScaler was fitted with feature names
  warnings.warn(
/home/trplbmyi/virtualenv/domains/trpl7b.my.id/public_html/paru/3.11/lib64/python3.11/site-packages/sklearn/base.py:465: UserWarning: X does not have valid feature names, but StandardScaler was fitted with feature names
  warnings.warn(
/home/trplbmyi/virtualenv/domains/trpl7b.my.id/public_html/paru/3.11/lib64/python3.11/site-packages/sklearn/base.py:465: UserWarning: X does not have valid feature names, but StandardScaler was fitted with feature names
  warnings.warn(
/home/trplbmyi/virtualenv/domains/trpl7b.my.id/public_html/paru/3.11/lib64/python3.11/site-packages/sklearn/base.py:465: UserWarning: X does not have valid feature names, but StandardScaler was fitted with feature names
  warnings.warn(
/home/trplbmyi/domains/trpl7b.my.id/public_html/paru/app.py:55: UserWarning: PySoundFile failed. Trying audioread instead.
  y, sr = librosa.load(filepath, sr=22050)
/home/trplbmyi/virtualenv/domains/trpl7b.my.id/public_html/paru/3.11/lib/python3.11/site-packages/librosa/core/audio.py:183: FutureWarning: librosa.core.audio.__audioread_load
	Deprecated as of librosa version 0.10.0.
	It will be removed in librosa version 1.0.
  y, sr_native = __audioread_load(path, offset, duration, dtype)
/home/trplbmyi/virtualenv/domains/trpl7b.my.id/public_html/paru/3.11/lib64/python3.11/site-packages/sklearn/base.py:465: UserWarning: X does not have valid feature names, but StandardScaler was fitted with feature names
  warnings.warn(
/home/trplbmyi/virtualenv/domains/trpl7b.my.id/public_html/paru/3.11/lib64/python3.11/site-packages/sklearn/base.py:465: UserWarning: X does not have valid feature names, but StandardScaler was fitted with feature names
  warnings.warn(
/home/trplbmyi/virtualenv/domains/trpl7b.my.id/public_html/paru/3.11/lib64/python3.11/site-packages/sklearn/base.py:465: UserWarning: X does not have valid feature names, but StandardScaler was fitted with feature names
  warnings.warn(
/home/trplbmyi/virtualenv/domains/trpl7b.my.id/public_html/paru/3.11/lib64/python3.11/site-packages/sklearn/base.py:465: UserWarning: X does not have valid feature names, but StandardScaler was fitted with feature names
  warnings.warn(
[UID:1925][1743207] Child process with pid: 1752020 was killed by signal: 9, core dumped: no
/home/trplbmyi/virtualenv/domains/trpl7b.my.id/public_html/paru/3.11/lib/python3.11/site-packages/librosa/core/intervals.py:8: UserWarning: pkg_resources is deprecated as an API. See https://setuptools.pypa.io/en/latest/pkg_resources.html. The pkg_resources package is slated for removal as early as 2025-11-30. Refrain from using this package or pin to Setuptools<81.
  from pkg_resources import resource_filename
/home/trplbmyi/virtualenv/domains/trpl7b.my.id/public_html/paru/3.11/lib64/python3.11/site-packages/sklearn/base.py:465: UserWarning: X does not have valid feature names, but StandardScaler was fitted with feature names
  warnings.warn(
/home/trplbmyi/virtualenv/domains/trpl7b.my.id/public_html/paru/3.11/lib64/python3.11/site-packages/sklearn/base.py:465: UserWarning: X does not have valid feature names, but StandardScaler was fitted with feature names
  warnings.warn(
/home/trplbmyi/virtualenv/domains/trpl7b.my.id/public_html/paru/3.11/lib64/python3.11/site-packages/sklearn/base.py:465: UserWarning: X does not have valid feature names, but StandardScaler was fitted with feature names
  warnings.warn(
Traceback (most recent call last):
  File "/home/trplbmyi/domains/trpl7b.my.id/public_html/paru/passenger_wsgi.py", line 1, in <module>
    from app import application
  File "/home/trplbmyi/domains/trpl7b.my.id/public_html/paru/app.py", line 66
    return f"""
IndentationError: unexpected indent
Traceback (most recent call last):
  File "/home/trplbmyi/domains/trpl7b.my.id/public_html/paru/passenger_wsgi.py", line 1, in <module>
    from app import application
  File "/home/trplbmyi/domains/trpl7b.my.id/public_html/paru/app.py", line 66
    return f"""
IndentationError: unexpected indent
[UID:1925][1845646] packetLen < 0
Traceback (most recent call last):
  File "/home/trplbmyi/domains/trpl7b.my.id/public_html/paru/passenger_wsgi.py", line 1, in <module>
    from app import application
  File "/home/trplbmyi/domains/trpl7b.my.id/public_html/paru/app.py", line 66
    return f"""
IndentationError: unexpected indent
[UID:1925][1845646] packetLen < 0
Traceback (most recent call last):
  File "/home/trplbmyi/domains/trpl7b.my.id/public_html/paru/passenger_wsgi.py", line 1, in <module>
    from app import application
  File "/home/trplbmyi/domains/trpl7b.my.id/public_html/paru/app.py", line 66
    return f"""
IndentationError: unexpected indent
Traceback (most recent call last):
  File "/home/trplbmyi/domains/trpl7b.my.id/public_html/paru/passenger_wsgi.py", line 1, in <module>
    from app import application
  File "/home/trplbmyi/domains/trpl7b.my.id/public_html/paru/app.py", line 66
    return f"""
IndentationError: unexpected indent
[UID:1925][1845646] packetLen < 0
Traceback (most recent call last):
  File "/home/trplbmyi/domains/trpl7b.my.id/public_html/paru/passenger_wsgi.py", line 1, in <module>
    from app import application
  File "/home/trplbmyi/domains/trpl7b.my.id/public_html/paru/app.py", line 66
    return f"""
IndentationError: unexpected indent
Traceback (most recent call last):
  File "/home/trplbmyi/domains/trpl7b.my.id/public_html/paru/passenger_wsgi.py", line 1, in <module>
    from app import application
  File "/home/trplbmyi/domains/trpl7b.my.id/public_html/paru/app.py", line 66
    return f"""
IndentationError: unexpected indent
Traceback (most recent call last):
  File "/home/trplbmyi/domains/trpl7b.my.id/public_html/paru/passenger_wsgi.py", line 1, in <module>
    from app import application
  File "/home/trplbmyi/domains/trpl7b.my.id/public_html/paru/app.py", line 66
    return f"""
IndentationError: unexpected indent
[UID:1925][1845646] packetLen < 0
Traceback (most recent call last):
  File "/home/trplbmyi/domains/trpl7b.my.id/public_html/paru/passenger_wsgi.py", line 1, in <module>
    from app import application
  File "/home/trplbmyi/domains/trpl7b.my.id/public_html/paru/app.py", line 66
    return f"""
IndentationError: unexpected indent
Traceback (most recent call last):
  File "/home/trplbmyi/domains/trpl7b.my.id/public_html/paru/passenger_wsgi.py", line 1, in <module>
    from app import application
  File "/home/trplbmyi/domains/trpl7b.my.id/public_html/paru/app.py", line 66
    return f"""
IndentationError: unexpected indent
[UID:1925][1861719] Child process with pid: 1861765 was killed by signal: 15, core dumped: no
Traceback (most recent call last):
  File "/home/trplbmyi/domains/trpl7b.my.id/public_html/paru/passenger_wsgi.py", line 1, in <module>
    from app import application
  File "/home/trplbmyi/domains/trpl7b.my.id/public_html/paru/app.py", line 66
    return f"""
IndentationError: unexpected indent
[UID:1925][1861719] Child process with pid: 1864010 was killed by signal: 15, core dumped: no
Traceback (most recent call last):
  File "/home/trplbmyi/domains/trpl7b.my.id/public_html/paru/passenger_wsgi.py", line 1, in <module>
    from app import application
  File "/home/trplbmyi/domains/trpl7b.my.id/public_html/paru/app.py", line 66
    return f"""
IndentationError: unexpected indent
[UID:1925][1868257] packetLen < 0
[UID:1925][1861719] Child process with pid: 1868257 was killed by signal: 15, core dumped: no
Traceback (most recent call last):
  File "/home/trplbmyi/domains/trpl7b.my.id/public_html/paru/passenger_wsgi.py", line 1, in <module>
    from app import application
  File "/home/trplbmyi/domains/trpl7b.my.id/public_html/paru/app.py", line 66
    return f"""
IndentationError: unexpected indent
[UID:1925][1861719] Child process with pid: 1871369 was killed by signal: 15, core dumped: no
Traceback (most recent call last):
  File "/home/trplbmyi/domains/trpl7b.my.id/public_html/paru/passenger_wsgi.py", line 1, in <module>
    from app import application
  File "/home/trplbmyi/domains/trpl7b.my.id/public_html/paru/app.py", line 66
    return f"""
IndentationError: unexpected indent
[UID:1925][1861719] Child process with pid: 1875522 was killed by signal: 15, core dumped: no
Traceback (most recent call last):
  File "/home/trplbmyi/domains/trpl7b.my.id/public_html/paru/passenger_wsgi.py", line 1, in <module>
    from app import application
  File "/home/trplbmyi/domains/trpl7b.my.id/public_html/paru/app.py", line 66
    return f"""
IndentationError: unexpected indent
[UID:1925][1880359] packetLen < 0
[UID:1925][1861719] Child process with pid: 1880359 was killed by signal: 15, core dumped: no
Traceback (most recent call last):
  File "/home/trplbmyi/domains/trpl7b.my.id/public_html/paru/passenger_wsgi.py", line 8, in <module>
    wsgi = imp.load_source('wsgi', 'app.py')
           ^^^^^^^^^^^^^^^^^^^^^^^^^^^^^^^^^
  File "/opt/alt/python311/lib64/python3.11/imp.py", line 172, in load_source
    module = _load(spec)
             ^^^^^^^^^^^
  File "<frozen importlib._bootstrap>", line 721, in _load
  File "<frozen importlib._bootstrap>", line 690, in _load_unlocked
  File "<frozen importlib._bootstrap_external>", line 936, in exec_module
  File "<frozen importlib._bootstrap_external>", line 1074, in get_code
  File "<frozen importlib._bootstrap_external>", line 1004, in source_to_code
  File "<frozen importlib._bootstrap>", line 241, in _call_with_frames_removed
  File "app.py", line 66
    return f"""
IndentationError: unexpected indent
Traceback (most recent call last):
  File "/home/trplbmyi/domains/trpl7b.my.id/public_html/paru/passenger_wsgi.py", line 8, in <module>
    wsgi = imp.load_source('wsgi', 'app.py')
           ^^^^^^^^^^^^^^^^^^^^^^^^^^^^^^^^^
  File "/opt/alt/python311/lib64/python3.11/imp.py", line 172, in load_source
    module = _load(spec)
             ^^^^^^^^^^^
  File "<frozen importlib._bootstrap>", line 721, in _load
  File "<frozen importlib._bootstrap>", line 690, in _load_unlocked
  File "<frozen importlib._bootstrap_external>", line 936, in exec_module
  File "<frozen importlib._bootstrap_external>", line 1074, in get_code
  File "<frozen importlib._bootstrap_external>", line 1004, in source_to_code
  File "<frozen importlib._bootstrap>", line 241, in _call_with_frames_removed
  File "app.py", line 66
    return f"""
IndentationError: unexpected indent
[UID:1925][1893513] packetLen < 0
Traceback (most recent call last):
  File "/home/trplbmyi/domains/trpl7b.my.id/public_html/paru/passenger_wsgi.py", line 8, in <module>
    wsgi = imp.load_source('wsgi', 'app.py')
           ^^^^^^^^^^^^^^^^^^^^^^^^^^^^^^^^^
  File "/opt/alt/python311/lib64/python3.11/imp.py", line 172, in load_source
    module = _load(spec)
             ^^^^^^^^^^^
  File "<frozen importlib._bootstrap>", line 721, in _load
  File "<frozen importlib._bootstrap>", line 690, in _load_unlocked
  File "<frozen importlib._bootstrap_external>", line 936, in exec_module
  File "<frozen importlib._bootstrap_external>", line 1074, in get_code
  File "<frozen importlib._bootstrap_external>", line 1004, in source_to_code
  File "<frozen importlib._bootstrap>", line 241, in _call_with_frames_removed
  File "app.py", line 66
    return f"""
IndentationError: unexpected indent
Traceback (most recent call last):
  File "/home/trplbmyi/domains/trpl7b.my.id/public_html/paru/passenger_wsgi.py", line 8, in <module>
    wsgi = imp.load_source('wsgi', 'app.py')
           ^^^^^^^^^^^^^^^^^^^^^^^^^^^^^^^^^
  File "/opt/alt/python311/lib64/python3.11/imp.py", line 172, in load_source
    module = _load(spec)
             ^^^^^^^^^^^
  File "<frozen importlib._bootstrap>", line 721, in _load
  File "<frozen importlib._bootstrap>", line 690, in _load_unlocked
  File "<frozen importlib._bootstrap_external>", line 936, in exec_module
  File "<frozen importlib._bootstrap_external>", line 1074, in get_code
  File "<frozen importlib._bootstrap_external>", line 1004, in source_to_code
  File "<frozen importlib._bootstrap>", line 241, in _call_with_frames_removed
  File "app.py", line 66
    return f"""
IndentationError: unexpected indent
[UID:1925][1895810] Child process with pid: 1895861 was killed by signal: 15, core dumped: no
Traceback (most recent call last):
  File "/home/trplbmyi/domains/trpl7b.my.id/public_html/paru/passenger_wsgi.py", line 8, in <module>
    wsgi = imp.load_source('wsgi', 'app.py')
           ^^^^^^^^^^^^^^^^^^^^^^^^^^^^^^^^^
  File "/opt/alt/python311/lib64/python3.11/imp.py", line 172, in load_source
    module = _load(spec)
             ^^^^^^^^^^^
  File "<frozen importlib._bootstrap>", line 721, in _load
  File "<frozen importlib._bootstrap>", line 690, in _load_unlocked
  File "<frozen importlib._bootstrap_external>", line 936, in exec_module
  File "<frozen importlib._bootstrap_external>", line 1074, in get_code
  File "<frozen importlib._bootstrap_external>", line 1004, in source_to_code
  File "<frozen importlib._bootstrap>", line 241, in _call_with_frames_removed
  File "app.py", line 66
    return f"""
IndentationError: unexpected indent
[UID:1925][1898127] packetLen < 0
Traceback (most recent call last):
  File "/home/trplbmyi/domains/trpl7b.my.id/public_html/paru/passenger_wsgi.py", line 8, in <module>
    wsgi = imp.load_source('wsgi', 'app.py')
           ^^^^^^^^^^^^^^^^^^^^^^^^^^^^^^^^^
  File "/opt/alt/python311/lib64/python3.11/imp.py", line 172, in load_source
    module = _load(spec)
             ^^^^^^^^^^^
  File "<frozen importlib._bootstrap>", line 721, in _load
  File "<frozen importlib._bootstrap>", line 690, in _load_unlocked
  File "<frozen importlib._bootstrap_external>", line 936, in exec_module
  File "<frozen importlib._bootstrap_external>", line 1074, in get_code
  File "<frozen importlib._bootstrap_external>", line 1004, in source_to_code
  File "<frozen importlib._bootstrap>", line 241, in _call_with_frames_removed
  File "app.py", line 66
    return f"""
IndentationError: unexpected indent
[UID:1925][1898127] packetLen < 0
Traceback (most recent call last):
  File "/home/trplbmyi/domains/trpl7b.my.id/public_html/paru/passenger_wsgi.py", line 8, in <module>
    wsgi = imp.load_source('wsgi', 'app.py')
           ^^^^^^^^^^^^^^^^^^^^^^^^^^^^^^^^^
  File "/opt/alt/python311/lib64/python3.11/imp.py", line 172, in load_source
    module = _load(spec)
             ^^^^^^^^^^^
  File "<frozen importlib._bootstrap>", line 721, in _load
  File "<frozen importlib._bootstrap>", line 690, in _load_unlocked
  File "<frozen importlib._bootstrap_external>", line 936, in exec_module
  File "<frozen importlib._bootstrap_external>", line 1074, in get_code
  File "<frozen importlib._bootstrap_external>", line 1004, in source_to_code
  File "<frozen importlib._bootstrap>", line 241, in _call_with_frames_removed
  File "app.py", line 66
    return f"""
IndentationError: unexpected indent
Traceback (most recent call last):
  File "/home/trplbmyi/domains/trpl7b.my.id/public_html/paru/passenger_wsgi.py", line 8, in <module>
    wsgi = imp.load_source('wsgi', 'app.py')
           ^^^^^^^^^^^^^^^^^^^^^^^^^^^^^^^^^
  File "/opt/alt/python311/lib64/python3.11/imp.py", line 172, in load_source
    module = _load(spec)
             ^^^^^^^^^^^
  File "<frozen importlib._bootstrap>", line 721, in _load
  File "<frozen importlib._bootstrap>", line 690, in _load_unlocked
  File "<frozen importlib._bootstrap_external>", line 936, in exec_module
  File "<frozen importlib._bootstrap_external>", line 1074, in get_code
  File "<frozen importlib._bootstrap_external>", line 1004, in source_to_code
  File "<frozen importlib._bootstrap>", line 241, in _call_with_frames_removed
  File "app.py", line 66
    return f"""
IndentationError: unexpected indent
[UID:1925][1898127] packetLen < 0
Traceback (most recent call last):
  File "/home/trplbmyi/domains/trpl7b.my.id/public_html/paru/passenger_wsgi.py", line 8, in <module>
    wsgi = imp.load_source('wsgi', 'app.py')
           ^^^^^^^^^^^^^^^^^^^^^^^^^^^^^^^^^
  File "/opt/alt/python311/lib64/python3.11/imp.py", line 172, in load_source
    module = _load(spec)
             ^^^^^^^^^^^
  File "<frozen importlib._bootstrap>", line 721, in _load
  File "<frozen importlib._bootstrap>", line 690, in _load_unlocked
  File "<frozen importlib._bootstrap_external>", line 936, in exec_module
  File "<frozen importlib._bootstrap_external>", line 1074, in get_code
  File "<frozen importlib._bootstrap_external>", line 1004, in source_to_code
  File "<frozen importlib._bootstrap>", line 241, in _call_with_frames_removed
  File "app.py", line 66
    return f"""
IndentationError: unexpected indent
[UID:1925][1898127] packetLen < 0
Traceback (most recent call last):
  File "/home/trplbmyi/domains/trpl7b.my.id/public_html/paru/passenger_wsgi.py", line 8, in <module>
    wsgi = imp.load_source('wsgi', 'app.py')
           ^^^^^^^^^^^^^^^^^^^^^^^^^^^^^^^^^
  File "/opt/alt/python311/lib64/python3.11/imp.py", line 172, in load_source
    module = _load(spec)
             ^^^^^^^^^^^
  File "<frozen importlib._bootstrap>", line 721, in _load
  File "<frozen importlib._bootstrap>", line 690, in _load_unlocked
  File "<frozen importlib._bootstrap_external>", line 936, in exec_module
  File "<frozen importlib._bootstrap_external>", line 1074, in get_code
  File "<frozen importlib._bootstrap_external>", line 1004, in source_to_code
  File "<frozen importlib._bootstrap>", line 241, in _call_with_frames_removed
  File "app.py", line 66
    return f"""
IndentationError: unexpected indent
[UID:1925][1898127] packetLen < 0
Traceback (most recent call last):
  File "/home/trplbmyi/domains/trpl7b.my.id/public_html/paru/passenger_wsgi.py", line 8, in <module>
    wsgi = imp.load_source('wsgi', 'app.py')
           ^^^^^^^^^^^^^^^^^^^^^^^^^^^^^^^^^
  File "/opt/alt/python311/lib64/python3.11/imp.py", line 172, in load_source
    module = _load(spec)
             ^^^^^^^^^^^
  File "<frozen importlib._bootstrap>", line 721, in _load
  File "<frozen importlib._bootstrap>", line 690, in _load_unlocked
  File "<frozen importlib._bootstrap_external>", line 936, in exec_module
  File "<frozen importlib._bootstrap_external>", line 1074, in get_code
  File "<frozen importlib._bootstrap_external>", line 1004, in source_to_code
  File "<frozen importlib._bootstrap>", line 241, in _call_with_frames_removed
  File "app.py", line 66
    return f"""
IndentationError: unexpected indent
[UID:1925][1898127] packetLen < 0
Traceback (most recent call last):
  File "/home/trplbmyi/domains/trpl7b.my.id/public_html/paru/passenger_wsgi.py", line 8, in <module>
    wsgi = imp.load_source('wsgi', 'app.py')
           ^^^^^^^^^^^^^^^^^^^^^^^^^^^^^^^^^
  File "/opt/alt/python311/lib64/python3.11/imp.py", line 172, in load_source
    module = _load(spec)
             ^^^^^^^^^^^
  File "<frozen importlib._bootstrap>", line 721, in _load
  File "<frozen importlib._bootstrap>", line 690, in _load_unlocked
  File "<frozen importlib._bootstrap_external>", line 936, in exec_module
  File "<frozen importlib._bootstrap_external>", line 1074, in get_code
  File "<frozen importlib._bootstrap_external>", line 1004, in source_to_code
  File "<frozen importlib._bootstrap>", line 241, in _call_with_frames_removed
  File "app.py", line 66
    return f"""
IndentationError: unexpected indent
/home/trplbmyi/virtualenv/domains/trpl7b.my.id/public_html/paru/3.11/lib/python3.11/site-packages/librosa/core/intervals.py:8: UserWarning: pkg_resources is deprecated as an API. See https://setuptools.pypa.io/en/latest/pkg_resources.html. The pkg_resources package is slated for removal as early as 2025-11-30. Refrain from using this package or pin to Setuptools<81.
  from pkg_resources import resource_filename
/home/trplbmyi/virtualenv/domains/trpl7b.my.id/public_html/paru/3.11/lib64/python3.11/site-packages/sklearn/base.py:465: UserWarning: X does not have valid feature names, but StandardScaler was fitted with feature names
  warnings.warn(
/home/trplbmyi/virtualenv/domains/trpl7b.my.id/public_html/paru/3.11/lib64/python3.11/site-packages/sklearn/base.py:465: UserWarning: X does not have valid feature names, but StandardScaler was fitted with feature names
  warnings.warn(
/home/trplbmyi/virtualenv/domains/trpl7b.my.id/public_html/paru/3.11/lib64/python3.11/site-packages/sklearn/base.py:465: UserWarning: X does not have valid feature names, but StandardScaler was fitted with feature names
  warnings.warn(
/home/trplbmyi/virtualenv/domains/trpl7b.my.id/public_html/paru/3.11/lib64/python3.11/site-packages/sklearn/base.py:465: UserWarning: X does not have valid feature names, but StandardScaler was fitted with feature names
  warnings.warn(
/home/trplbmyi/virtualenv/domains/trpl7b.my.id/public_html/paru/3.11/lib64/python3.11/site-packages/sklearn/base.py:465: UserWarning: X does not have valid feature names, but StandardScaler was fitted with feature names
  warnings.warn(
/home/trplbmyi/virtualenv/domains/trpl7b.my.id/public_html/paru/3.11/lib64/python3.11/site-packages/sklearn/base.py:465: UserWarning: X does not have valid feature names, but StandardScaler was fitted with feature names
  warnings.warn(
[UID:1925][2086313] Child process with pid: 2096145 was killed by signal: 15, core dumped: no
/home/trplbmyi/virtualenv/domains/trpl7b.my.id/public_html/paru/3.11/lib/python3.11/site-packages/librosa/core/intervals.py:8: UserWarning: pkg_resources is deprecated as an API. See https://setuptools.pypa.io/en/latest/pkg_resources.html. The pkg_resources package is slated for removal as early as 2025-11-30. Refrain from using this package or pin to Setuptools<81.
  from pkg_resources import resource_filename
[UID:1925][2086313] Child process with pid: 2097616 was killed by signal: 15, core dumped: no
/home/trplbmyi/virtualenv/domains/trpl7b.my.id/public_html/paru/3.11/lib/python3.11/site-packages/librosa/core/intervals.py:8: UserWarning: pkg_resources is deprecated as an API. See https://setuptools.pypa.io/en/latest/pkg_resources.html. The pkg_resources package is slated for removal as early as 2025-11-30. Refrain from using this package or pin to Setuptools<81.
  from pkg_resources import resource_filename
app.py:53: UserWarning: PySoundFile failed. Trying audioread instead.
  y, sr = librosa.load(filepath, sr=22050)
/home/trplbmyi/virtualenv/domains/trpl7b.my.id/public_html/paru/3.11/lib/python3.11/site-packages/librosa/core/audio.py:183: FutureWarning: librosa.core.audio.__audioread_load
	Deprecated as of librosa version 0.10.0.
	It will be removed in librosa version 1.0.
  y, sr_native = __audioread_load(path, offset, duration, dtype)
/home/trplbmyi/virtualenv/domains/trpl7b.my.id/public_html/paru/3.11/lib64/python3.11/site-packages/sklearn/base.py:465: UserWarning: X does not have valid feature names, but StandardScaler was fitted with feature names
  warnings.warn(
app.py:53: UserWarning: PySoundFile failed. Trying audioread instead.
  y, sr = librosa.load(filepath, sr=22050)
/home/trplbmyi/virtualenv/domains/trpl7b.my.id/public_html/paru/3.11/lib/python3.11/site-packages/librosa/core/audio.py:183: FutureWarning: librosa.core.audio.__audioread_load
	Deprecated as of librosa version 0.10.0.
	It will be removed in librosa version 1.0.
  y, sr_native = __audioread_load(path, offset, duration, dtype)
/home/trplbmyi/virtualenv/domains/trpl7b.my.id/public_html/paru/3.11/lib64/python3.11/site-packages/sklearn/base.py:465: UserWarning: X does not have valid feature names, but StandardScaler was fitted with feature names
  warnings.warn(
/home/trplbmyi/virtualenv/domains/trpl7b.my.id/public_html/paru/3.11/lib/python3.11/site-packages/librosa/core/intervals.py:8: UserWarning: pkg_resources is deprecated as an API. See https://setuptools.pypa.io/en/latest/pkg_resources.html. The pkg_resources package is slated for removal as early as 2025-11-30. Refrain from using this package or pin to Setuptools<81.
  from pkg_resources import resource_filename
/home/trplbmyi/virtualenv/domains/trpl7b.my.id/public_html/paru/3.11/lib64/python3.11/site-packages/sklearn/base.py:465: UserWarning: X does not have valid feature names, but StandardScaler was fitted with feature names
  warnings.warn(
/home/trplbmyi/virtualenv/domains/trpl7b.my.id/public_html/paru/3.11/lib64/python3.11/site-packages/sklearn/base.py:465: UserWarning: X does not have valid feature names, but StandardScaler was fitted with feature names
  warnings.warn(
/home/trplbmyi/virtualenv/domains/trpl7b.my.id/public_html/paru/3.11/lib64/python3.11/site-packages/sklearn/base.py:465: UserWarning: X does not have valid feature names, but StandardScaler was fitted with feature names
  warnings.warn(
/home/trplbmyi/virtualenv/domains/trpl7b.my.id/public_html/paru/3.11/lib64/python3.11/site-packages/sklearn/base.py:465: UserWarning: X does not have valid feature names, but StandardScaler was fitted with feature names
  warnings.warn(
/home/trplbmyi/virtualenv/domains/trpl7b.my.id/public_html/paru/3.11/lib64/python3.11/site-packages/sklearn/base.py:465: UserWarning: X does not have valid feature names, but StandardScaler was fitted with feature names
  warnings.warn(
/home/trplbmyi/virtualenv/domains/trpl7b.my.id/public_html/paru/3.11/lib64/python3.11/site-packages/sklearn/base.py:465: UserWarning: X does not have valid feature names, but StandardScaler was fitted with feature names
  warnings.warn(
/home/trplbmyi/virtualenv/domains/trpl7b.my.id/public_html/paru/3.11/lib/python3.11/site-packages/librosa/core/intervals.py:8: UserWarning: pkg_resources is deprecated as an API. See https://setuptools.pypa.io/en/latest/pkg_resources.html. The pkg_resources package is slated for removal as early as 2025-11-30. Refrain from using this package or pin to Setuptools<81.
  from pkg_resources import resource_filename
/home/trplbmyi/virtualenv/domains/trpl7b.my.id/public_html/paru/3.11/lib64/python3.11/site-packages/sklearn/base.py:465: UserWarning: X does not have valid feature names, but StandardScaler was fitted with feature names
  warnings.warn(
[UID:1925][3935096] Child process with pid: 3943240 was killed by signal: 15, core dumped: no
/home/trplbmyi/virtualenv/domains/trpl7b.my.id/public_html/paru/3.11/lib/python3.11/site-packages/librosa/core/intervals.py:8: UserWarning: pkg_resources is deprecated as an API. See https://setuptools.pypa.io/en/latest/pkg_resources.html. The pkg_resources package is slated for removal as early as 2025-11-30. Refrain from using this package or pin to Setuptools<81.
  from pkg_resources import resource_filename
/home/trplbmyi/virtualenv/domains/trpl7b.my.id/public_html/paru/3.11/lib/python3.11/site-packages/librosa/core/intervals.py:8: UserWarning: pkg_resources is deprecated as an API. See https://setuptools.pypa.io/en/latest/pkg_resources.html. The pkg_resources package is slated for removal as early as 2025-11-30. Refrain from using this package or pin to Setuptools<81.
  from pkg_resources import resource_filename
[UID:1925][3935096] Child process with pid: 3949558 was killed by signal: 15, core dumped: no
[UID:1925][3935096] Child process with pid: 3944661 was killed by signal: 15, core dumped: no
/home/trplbmyi/virtualenv/domains/trpl7b.my.id/public_html/paru/3.11/lib/python3.11/site-packages/librosa/core/intervals.py:8: UserWarning: pkg_resources is deprecated as an API. See https://setuptools.pypa.io/en/latest/pkg_resources.html. The pkg_resources package is slated for removal as early as 2025-11-30. Refrain from using this package or pin to Setuptools<81.
  from pkg_resources import resource_filename
app.py:53: UserWarning: PySoundFile failed. Trying audioread instead.
  y, sr = librosa.load(filepath, sr=22050)
/home/trplbmyi/virtualenv/domains/trpl7b.my.id/public_html/paru/3.11/lib/python3.11/site-packages/librosa/core/audio.py:183: FutureWarning: librosa.core.audio.__audioread_load
	Deprecated as of librosa version 0.10.0.
	It will be removed in librosa version 1.0.
  y, sr_native = __audioread_load(path, offset, duration, dtype)
/home/trplbmyi/virtualenv/domains/trpl7b.my.id/public_html/paru/3.11/lib64/python3.11/site-packages/sklearn/base.py:465: UserWarning: X does not have valid feature names, but StandardScaler was fitted with feature names
  warnings.warn(
/home/trplbmyi/virtualenv/domains/trpl7b.my.id/public_html/paru/3.11/lib64/python3.11/site-packages/sklearn/base.py:465: UserWarning: X does not have valid feature names, but StandardScaler was fitted with feature names
  warnings.warn(
/home/trplbmyi/virtualenv/domains/trpl7b.my.id/public_html/paru/3.11/lib64/python3.11/site-packages/sklearn/base.py:465: UserWarning: X does not have valid feature names, but StandardScaler was fitted with feature names
  warnings.warn(
/home/trplbmyi/virtualenv/domains/trpl7b.my.id/public_html/paru/3.11/lib/python3.11/site-packages/librosa/core/intervals.py:8: UserWarning: pkg_resources is deprecated as an API. See https://setuptools.pypa.io/en/latest/pkg_resources.html. The pkg_resources package is slated for removal as early as 2025-11-30. Refrain from using this package or pin to Setuptools<81.
  from pkg_resources import resource_filename
app.py:53: UserWarning: PySoundFile failed. Trying audioread instead.
  y, sr = librosa.load(filepath, sr=22050)
/home/trplbmyi/virtualenv/domains/trpl7b.my.id/public_html/paru/3.11/lib/python3.11/site-packages/librosa/core/audio.py:183: FutureWarning: librosa.core.audio.__audioread_load
	Deprecated as of librosa version 0.10.0.
	It will be removed in librosa version 1.0.
  y, sr_native = __audioread_load(path, offset, duration, dtype)
/home/trplbmyi/virtualenv/domains/trpl7b.my.id/public_html/paru/3.11/lib64/python3.11/site-packages/sklearn/base.py:465: UserWarning: X does not have valid feature names, but StandardScaler was fitted with feature names
  warnings.warn(
/home/trplbmyi/virtualenv/domains/trpl7b.my.id/public_html/paru/3.11/lib64/python3.11/site-packages/sklearn/base.py:465: UserWarning: X does not have valid feature names, but StandardScaler was fitted with feature names
  warnings.warn(
app.py:53: UserWarning: PySoundFile failed. Trying audioread instead.
  y, sr = librosa.load(filepath, sr=22050)
/home/trplbmyi/virtualenv/domains/trpl7b.my.id/public_html/paru/3.11/lib/python3.11/site-packages/librosa/core/audio.py:183: FutureWarning: librosa.core.audio.__audioread_load
	Deprecated as of librosa version 0.10.0.
	It will be removed in librosa version 1.0.
  y, sr_native = __audioread_load(path, offset, duration, dtype)
[UID:1925][4084600] Child process with pid: 4088731 was killed by signal: 9, core dumped: no
[UID:1925][4084600] Child process with pid: 4091450 was killed by signal: 9, core dumped: no
[UID:1925][4084600] Child process with pid: 4091741 was killed by signal: 9, core dumped: no
[UID:1925][4084600] Child process with pid: 4093970 was killed by signal: 9, core dumped: no
/home/trplbmyi/virtualenv/domains/trpl7b.my.id/public_html/paru/3.11/lib/python3.11/site-packages/librosa/core/intervals.py:8: UserWarning: pkg_resources is deprecated as an API. See https://setuptools.pypa.io/en/latest/pkg_resources.html. The pkg_resources package is slated for removal as early as 2025-11-30. Refrain from using this package or pin to Setuptools<81.
  from pkg_resources import resource_filename
[UID:1925][4084600] Child process with pid: 4094260 was killed by signal: 15, core dumped: no
[UID:1925][1153163] Child process with pid: 1160251 was killed by signal: 9, core dumped: no
/home/trplbmyi/virtualenv/domains/trpl7b.my.id/public_html/paru/3.11/lib/python3.11/site-packages/librosa/core/intervals.py:8: UserWarning: pkg_resources is deprecated as an API. See https://setuptools.pypa.io/en/latest/pkg_resources.html. The pkg_resources package is slated for removal as early as 2025-11-30. Refrain from using this package or pin to Setuptools<81.
  from pkg_resources import resource_filename
/home/trplbmyi/virtualenv/domains/trpl7b.my.id/public_html/paru/3.11/lib64/python3.11/site-packages/sklearn/base.py:465: UserWarning: X does not have valid feature names, but StandardScaler was fitted with feature names
  warnings.warn(
/home/trplbmyi/virtualenv/domains/trpl7b.my.id/public_html/paru/3.11/lib64/python3.11/site-packages/sklearn/base.py:465: UserWarning: X does not have valid feature names, but StandardScaler was fitted with feature names
  warnings.warn(
/home/trplbmyi/virtualenv/domains/trpl7b.my.id/public_html/paru/3.11/lib64/python3.11/site-packages/sklearn/base.py:465: UserWarning: X does not have valid feature names, but StandardScaler was fitted with feature names
  warnings.warn(
/home/trplbmyi/virtualenv/domains/trpl7b.my.id/public_html/paru/3.11/lib64/python3.11/site-packages/sklearn/base.py:465: UserWarning: X does not have valid feature names, but StandardScaler was fitted with feature names
  warnings.warn(
/home/trplbmyi/virtualenv/domains/trpl7b.my.id/public_html/paru/3.11/lib64/python3.11/site-packages/sklearn/base.py:465: UserWarning: X does not have valid feature names, but StandardScaler was fitted with feature names
  warnings.warn(
/home/trplbmyi/virtualenv/domains/trpl7b.my.id/public_html/paru/3.11/lib64/python3.11/site-packages/sklearn/base.py:465: UserWarning: X does not have valid feature names, but StandardScaler was fitted with feature names
  warnings.warn(
/home/trplbmyi/virtualenv/domains/trpl7b.my.id/public_html/paru/3.11/lib/python3.11/site-packages/librosa/core/intervals.py:8: UserWarning: pkg_resources is deprecated as an API. See https://setuptools.pypa.io/en/latest/pkg_resources.html. The pkg_resources package is slated for removal as early as 2025-11-30. Refrain from using this package or pin to Setuptools<81.
  from pkg_resources import resource_filename
/home/trplbmyi/virtualenv/domains/trpl7b.my.id/public_html/paru/3.11/lib64/python3.11/site-packages/sklearn/base.py:465: UserWarning: X does not have valid feature names, but StandardScaler was fitted with feature names
  warnings.warn(
/home/trplbmyi/virtualenv/domains/trpl7b.my.id/public_html/paru/3.11/lib64/python3.11/site-packages/sklearn/base.py:465: UserWarning: X does not have valid feature names, but StandardScaler was fitted with feature names
  warnings.warn(
/home/trplbmyi/virtualenv/domains/trpl7b.my.id/public_html/paru/3.11/lib64/python3.11/site-packages/sklearn/base.py:465: UserWarning: X does not have valid feature names, but StandardScaler was fitted with feature names
  warnings.warn(
/home/trplbmyi/virtualenv/domains/trpl7b.my.id/public_html/paru/3.11/lib64/python3.11/site-packages/sklearn/base.py:465: UserWarning: X does not have valid feature names, but StandardScaler was fitted with feature names
  warnings.warn(
/home/trplbmyi/virtualenv/domains/trpl7b.my.id/public_html/paru/3.11/lib64/python3.11/site-packages/sklearn/base.py:465: UserWarning: X does not have valid feature names, but StandardScaler was fitted with feature names
  warnings.warn(
/home/trplbmyi/virtualenv/domains/trpl7b.my.id/public_html/paru/3.11/lib64/python3.11/site-packages/sklearn/base.py:465: UserWarning: X does not have valid feature names, but StandardScaler was fitted with feature names
  warnings.warn(
/home/trplbmyi/virtualenv/domains/trpl7b.my.id/public_html/paru/3.11/lib64/python3.11/site-packages/sklearn/base.py:465: UserWarning: X does not have valid feature names, but StandardScaler was fitted with feature names
  warnings.warn(
/home/trplbmyi/virtualenv/domains/trpl7b.my.id/public_html/paru/3.11/lib64/python3.11/site-packages/sklearn/base.py:465: UserWarning: X does not have valid feature names, but StandardScaler was fitted with feature names
  warnings.warn(
/home/trplbmyi/virtualenv/domains/trpl7b.my.id/public_html/paru/3.11/lib64/python3.11/site-packages/sklearn/base.py:465: UserWarning: X does not have valid feature names, but StandardScaler was fitted with feature names
  warnings.warn(
/home/trplbmyi/virtualenv/domains/trpl7b.my.id/public_html/paru/3.11/lib64/python3.11/site-packages/sklearn/base.py:465: UserWarning: X does not have valid feature names, but StandardScaler was fitted with feature names
  warnings.warn(
/home/trplbmyi/virtualenv/domains/trpl7b.my.id/public_html/paru/3.11/lib64/python3.11/site-packages/sklearn/base.py:465: UserWarning: X does not have valid feature names, but StandardScaler was fitted with feature names
  warnings.warn(
[UID:1925][1515107] Child process with pid: 1522193 was killed by signal: 9, core dumped: no
[UID:1925][1604916] Child process with pid: 1612129 was killed by signal: 9, core dumped: no
/home/trplbmyi/virtualenv/domains/trpl7b.my.id/public_html/paru/3.11/lib/python3.11/site-packages/librosa/core/intervals.py:8: UserWarning: pkg_resources is deprecated as an API. See https://setuptools.pypa.io/en/latest/pkg_resources.html. The pkg_resources package is slated for removal as early as 2025-11-30. Refrain from using this package or pin to Setuptools<81.
  from pkg_resources import resource_filename
/home/trplbmyi/virtualenv/domains/trpl7b.my.id/public_html/paru/3.11/lib64/python3.11/site-packages/sklearn/base.py:465: UserWarning: X does not have valid feature names, but StandardScaler was fitted with feature names
  warnings.warn(
/home/trplbmyi/virtualenv/domains/trpl7b.my.id/public_html/paru/3.11/lib64/python3.11/site-packages/sklearn/base.py:465: UserWarning: X does not have valid feature names, but StandardScaler was fitted with feature names
  warnings.warn(
/home/trplbmyi/virtualenv/domains/trpl7b.my.id/public_html/paru/3.11/lib64/python3.11/site-packages/sklearn/base.py:465: UserWarning: X does not have valid feature names, but StandardScaler was fitted with feature names
  warnings.warn(
/home/trplbmyi/virtualenv/domains/trpl7b.my.id/public_html/paru/3.11/lib/python3.11/site-packages/librosa/core/intervals.py:8: UserWarning: pkg_resources is deprecated as an API. See https://setuptools.pypa.io/en/latest/pkg_resources.html. The pkg_resources package is slated for removal as early as 2025-11-30. Refrain from using this package or pin to Setuptools<81.
  from pkg_resources import resource_filename
[UID:1925][2102463] Child process with pid: 2135186 was killed by signal: 15, core dumped: no
/home/trplbmyi/virtualenv/domains/trpl7b.my.id/public_html/paru/3.11/lib/python3.11/site-packages/librosa/core/intervals.py:8: UserWarning: pkg_resources is deprecated as an API. See https://setuptools.pypa.io/en/latest/pkg_resources.html. The pkg_resources package is slated for removal as early as 2025-11-30. Refrain from using this package or pin to Setuptools<81.
  from pkg_resources import resource_filename
/home/trplbmyi/virtualenv/domains/trpl7b.my.id/public_html/paru/3.11/lib64/python3.11/site-packages/sklearn/base.py:465: UserWarning: X does not have valid feature names, but StandardScaler was fitted with feature names
  warnings.warn(
/home/trplbmyi/virtualenv/domains/trpl7b.my.id/public_html/paru/3.11/lib64/python3.11/site-packages/sklearn/base.py:465: UserWarning: X does not have valid feature names, but StandardScaler was fitted with feature names
  warnings.warn(
[UID:1925][1681291] Child process with pid: 1688460 was killed by signal: 9, core dumped: no
/home/trplbmyi/virtualenv/domains/trpl7b.my.id/public_html/paru/3.11/lib/python3.11/site-packages/librosa/core/intervals.py:8: UserWarning: pkg_resources is deprecated as an API. See https://setuptools.pypa.io/en/latest/pkg_resources.html. The pkg_resources package is slated for removal as early as 2025-11-30. Refrain from using this package or pin to Setuptools<81.
  from pkg_resources import resource_filename
/home/trplbmyi/virtualenv/domains/trpl7b.my.id/public_html/paru/3.11/lib/python3.11/site-packages/librosa/core/intervals.py:8: UserWarning: pkg_resources is deprecated as an API. See https://setuptools.pypa.io/en/latest/pkg_resources.html. The pkg_resources package is slated for removal as early as 2025-11-30. Refrain from using this package or pin to Setuptools<81.
  from pkg_resources import resource_filename
/home/trplbmyi/virtualenv/domains/trpl7b.my.id/public_html/paru/3.11/lib64/python3.11/site-packages/sklearn/base.py:465: UserWarning: X does not have valid feature names, but StandardScaler was fitted with feature names
  warnings.warn(
/home/trplbmyi/virtualenv/domains/trpl7b.my.id/public_html/paru/3.11/lib64/python3.11/site-packages/sklearn/base.py:465: UserWarning: X does not have valid feature names, but StandardScaler was fitted with feature names
  warnings.warn(
/home/trplbmyi/virtualenv/domains/trpl7b.my.id/public_html/paru/3.11/lib64/python3.11/site-packages/sklearn/base.py:465: UserWarning: X does not have valid feature names, but StandardScaler was fitted with feature names
  warnings.warn(
/home/trplbmyi/virtualenv/domains/trpl7b.my.id/public_html/paru/3.11/lib64/python3.11/site-packages/sklearn/base.py:465: UserWarning: X does not have valid feature names, but StandardScaler was fitted with feature names
  warnings.warn(
[UID:1925][902452] packetLen < 0
[UID:1925][921139] packetLen < 0
[UID:1925][985262] packetLen < 0
/home/trplbmyi/virtualenv/domains/trpl7b.my.id/public_html/paru/3.11/lib/python3.11/site-packages/librosa/core/intervals.py:8: UserWarning: pkg_resources is deprecated as an API. See https://setuptools.pypa.io/en/latest/pkg_resources.html. The pkg_resources package is slated for removal as early as 2025-11-30. Refrain from using this package or pin to Setuptools<81.
  from pkg_resources import resource_filename
/home/trplbmyi/virtualenv/domains/trpl7b.my.id/public_html/paru/3.11/lib/python3.11/site-packages/librosa/core/intervals.py:8: UserWarning: pkg_resources is deprecated as an API. See https://setuptools.pypa.io/en/latest/pkg_resources.html. The pkg_resources package is slated for removal as early as 2025-11-30. Refrain from using this package or pin to Setuptools<81.
  from pkg_resources import resource_filename
app.py:61: UserWarning: PySoundFile failed. Trying audioread instead.
  y, sr = librosa.load(filepath, sr=22050)
/home/trplbmyi/virtualenv/domains/trpl7b.my.id/public_html/paru/3.11/lib/python3.11/site-packages/librosa/core/audio.py:183: FutureWarning: librosa.core.audio.__audioread_load
	Deprecated as of librosa version 0.10.0.
	It will be removed in librosa version 1.0.
  y, sr_native = __audioread_load(path, offset, duration, dtype)
app.py:61: UserWarning: PySoundFile failed. Trying audioread instead.
  y, sr = librosa.load(filepath, sr=22050)
/home/trplbmyi/virtualenv/domains/trpl7b.my.id/public_html/paru/3.11/lib/python3.11/site-packages/librosa/core/audio.py:183: FutureWarning: librosa.core.audio.__audioread_load
	Deprecated as of librosa version 0.10.0.
	It will be removed in librosa version 1.0.
  y, sr_native = __audioread_load(path, offset, duration, dtype)
/home/trplbmyi/virtualenv/domains/trpl7b.my.id/public_html/paru/3.11/lib64/python3.11/site-packages/sklearn/base.py:465: UserWarning: X does not have valid feature names, but StandardScaler was fitted with feature names
  warnings.warn(
[UID:1925][231574] Child process with pid: 237478 was killed by signal: 9, core dumped: no
[UID:1925][231574] Child process with pid: 240276 was killed by signal: 15, core dumped: no
[UID:1925][231574] Child process with pid: 241856 was killed by signal: 9, core dumped: no
/home/trplbmyi/virtualenv/domains/trpl7b.my.id/public_html/paru/3.11/lib/python3.11/site-packages/librosa/core/intervals.py:8: UserWarning: pkg_resources is deprecated as an API. See https://setuptools.pypa.io/en/latest/pkg_resources.html. The pkg_resources package is slated for removal as early as 2025-11-30. Refrain from using this package or pin to Setuptools<81.
  from pkg_resources import resource_filename
/home/trplbmyi/virtualenv/domains/trpl7b.my.id/public_html/paru/3.11/lib/python3.11/site-packages/librosa/core/intervals.py:8: UserWarning: pkg_resources is deprecated as an API. See https://setuptools.pypa.io/en/latest/pkg_resources.html. The pkg_resources package is slated for removal as early as 2025-11-30. Refrain from using this package or pin to Setuptools<81.
  from pkg_resources import resource_filename
[UID:1925][231574] Child process with pid: 244226 was killed by signal: 15, core dumped: no
/home/trplbmyi/virtualenv/domains/trpl7b.my.id/public_html/paru/3.11/lib/python3.11/site-packages/librosa/core/intervals.py:8: UserWarning: pkg_resources is deprecated as an API. See https://setuptools.pypa.io/en/latest/pkg_resources.html. The pkg_resources package is slated for removal as early as 2025-11-30. Refrain from using this package or pin to Setuptools<81.
  from pkg_resources import resource_filename
/home/trplbmyi/virtualenv/domains/trpl7b.my.id/public_html/paru/3.11/lib64/python3.11/site-packages/sklearn/base.py:465: UserWarning: X does not have valid feature names, but StandardScaler was fitted with feature names
  warnings.warn(
/home/trplbmyi/virtualenv/domains/trpl7b.my.id/public_html/paru/3.11/lib64/python3.11/site-packages/sklearn/base.py:465: UserWarning: X does not have valid feature names, but StandardScaler was fitted with feature names
  warnings.warn(
/home/trplbmyi/virtualenv/domains/trpl7b.my.id/public_html/paru/3.11/lib64/python3.11/site-packages/sklearn/base.py:465: UserWarning: X does not have valid feature names, but StandardScaler was fitted with feature names
  warnings.warn(
/home/trplbmyi/virtualenv/domains/trpl7b.my.id/public_html/paru/3.11/lib/python3.11/site-packages/librosa/core/intervals.py:8: UserWarning: pkg_resources is deprecated as an API. See https://setuptools.pypa.io/en/latest/pkg_resources.html. The pkg_resources package is slated for removal as early as 2025-11-30. Refrain from using this package or pin to Setuptools<81.
  from pkg_resources import resource_filename
/home/trplbmyi/virtualenv/domains/trpl7b.my.id/public_html/paru/3.11/lib/python3.11/site-packages/librosa/core/intervals.py:8: UserWarning: pkg_resources is deprecated as an API. See https://setuptools.pypa.io/en/latest/pkg_resources.html. The pkg_resources package is slated for removal as early as 2025-11-30. Refrain from using this package or pin to Setuptools<81.
  from pkg_resources import resource_filename
/home/trplbmyi/virtualenv/domains/trpl7b.my.id/public_html/paru/3.11/lib64/python3.11/site-packages/sklearn/base.py:465: UserWarning: X does not have valid feature names, but StandardScaler was fitted with feature names
  warnings.warn(
/home/trplbmyi/virtualenv/domains/trpl7b.my.id/public_html/paru/3.11/lib64/python3.11/site-packages/sklearn/base.py:465: UserWarning: X does not have valid feature names, but StandardScaler was fitted with feature names
  warnings.warn(
[UID:1925][4060864] Child process with pid: 4082191 was killed by signal: 9, core dumped: no
/home/trplbmyi/virtualenv/domains/trpl7b.my.id/public_html/paru/3.11/lib/python3.11/site-packages/librosa/core/intervals.py:8: UserWarning: pkg_resources is deprecated as an API. See https://setuptools.pypa.io/en/latest/pkg_resources.html. The pkg_resources package is slated for removal as early as 2025-11-30. Refrain from using this package or pin to Setuptools<81.
  from pkg_resources import resource_filename
/home/trplbmyi/virtualenv/domains/trpl7b.my.id/public_html/paru/3.11/lib64/python3.11/site-packages/sklearn/base.py:465: UserWarning: X does not have valid feature names, but StandardScaler was fitted with feature names
  warnings.warn(
/home/trplbmyi/virtualenv/domains/trpl7b.my.id/public_html/paru/3.11/lib64/python3.11/site-packages/sklearn/base.py:465: UserWarning: X does not have valid feature names, but StandardScaler was fitted with feature names
  warnings.warn(
/home/trplbmyi/virtualenv/domains/trpl7b.my.id/public_html/paru/3.11/lib64/python3.11/site-packages/sklearn/base.py:465: UserWarning: X does not have valid feature names, but StandardScaler was fitted with feature names
  warnings.warn(
/home/trplbmyi/virtualenv/domains/trpl7b.my.id/public_html/paru/3.11/lib64/python3.11/site-packages/sklearn/base.py:465: UserWarning: X does not have valid feature names, but StandardScaler was fitted with feature names
  warnings.warn(
[UID:1925][1788423] packetLen < 0
[UID:1925][1850167] packetLen < 0
[UID:1925][1892864] packetLen < 0
[UID:1925][1935997] packetLen < 0
/home/trplbmyi/virtualenv/domains/trpl7b.my.id/public_html/paru/3.11/lib/python3.11/site-packages/librosa/core/intervals.py:8: UserWarning: pkg_resources is deprecated as an API. See https://setuptools.pypa.io/en/latest/pkg_resources.html. The pkg_resources package is slated for removal as early as 2025-11-30. Refrain from using this package or pin to Setuptools<81.
  from pkg_resources import resource_filename
/home/trplbmyi/virtualenv/domains/trpl7b.my.id/public_html/paru/3.11/lib/python3.11/site-packages/librosa/core/intervals.py:8: UserWarning: pkg_resources is deprecated as an API. See https://setuptools.pypa.io/en/latest/pkg_resources.html. The pkg_resources package is slated for removal as early as 2025-11-30. Refrain from using this package or pin to Setuptools<81.
  from pkg_resources import resource_filename
/home/trplbmyi/virtualenv/domains/trpl7b.my.id/public_html/paru/3.11/lib64/python3.11/site-packages/sklearn/base.py:465: UserWarning: X does not have valid feature names, but StandardScaler was fitted with feature names
  warnings.warn(
/home/trplbmyi/virtualenv/domains/trpl7b.my.id/public_html/paru/3.11/lib64/python3.11/site-packages/sklearn/base.py:465: UserWarning: X does not have valid feature names, but StandardScaler was fitted with feature names
  warnings.warn(
/home/trplbmyi/virtualenv/domains/trpl7b.my.id/public_html/paru/3.11/lib64/python3.11/site-packages/sklearn/base.py:465: UserWarning: X does not have valid feature names, but StandardScaler was fitted with feature names
  warnings.warn(
/home/trplbmyi/virtualenv/domains/trpl7b.my.id/public_html/paru/3.11/lib64/python3.11/site-packages/sklearn/base.py:465: UserWarning: X does not have valid feature names, but StandardScaler was fitted with feature names
  warnings.warn(
/home/trplbmyi/virtualenv/domains/trpl7b.my.id/public_html/paru/3.11/lib64/python3.11/site-packages/sklearn/base.py:465: UserWarning: X does not have valid feature names, but StandardScaler was fitted with feature names
  warnings.warn(
/home/trplbmyi/virtualenv/domains/trpl7b.my.id/public_html/paru/3.11/lib64/python3.11/site-packages/sklearn/base.py:465: UserWarning: X does not have valid feature names, but StandardScaler was fitted with feature names
  warnings.warn(
[UID:1925][2356382] Child process with pid: 2364459 was killed by signal: 15, core dumped: no
[UID:1925][2356382] Child process with pid: 2366438 was killed by signal: 9, core dumped: no
/home/trplbmyi/virtualenv/domains/trpl7b.my.id/public_html/paru/3.11/lib/python3.11/site-packages/librosa/core/intervals.py:8: UserWarning: pkg_resources is deprecated as an API. See https://setuptools.pypa.io/en/latest/pkg_resources.html. The pkg_resources package is slated for removal as early as 2025-11-30. Refrain from using this package or pin to Setuptools<81.
  from pkg_resources import resource_filename
/home/trplbmyi/virtualenv/domains/trpl7b.my.id/public_html/paru/3.11/lib64/python3.11/site-packages/sklearn/base.py:465: UserWarning: X does not have valid feature names, but StandardScaler was fitted with feature names
  warnings.warn(
[UID:1925][380568] Child process with pid: 387993 was killed by signal: 15, core dumped: no
/home/trplbmyi/virtualenv/domains/trpl7b.my.id/public_html/paru/3.11/lib/python3.11/site-packages/librosa/core/intervals.py:8: UserWarning: pkg_resources is deprecated as an API. See https://setuptools.pypa.io/en/latest/pkg_resources.html. The pkg_resources package is slated for removal as early as 2025-11-30. Refrain from using this package or pin to Setuptools<81.
  from pkg_resources import resource_filename
app.py:61: UserWarning: PySoundFile failed. Trying audioread instead.
  y, sr = librosa.load(filepath, sr=22050)
/home/trplbmyi/virtualenv/domains/trpl7b.my.id/public_html/paru/3.11/lib/python3.11/site-packages/librosa/core/audio.py:183: FutureWarning: librosa.core.audio.__audioread_load
	Deprecated as of librosa version 0.10.0.
	It will be removed in librosa version 1.0.
  y, sr_native = __audioread_load(path, offset, duration, dtype)
/home/trplbmyi/virtualenv/domains/trpl7b.my.id/public_html/paru/3.11/lib64/python3.11/site-packages/sklearn/base.py:465: UserWarning: X does not have valid feature names, but StandardScaler was fitted with feature names
  warnings.warn(
/home/trplbmyi/virtualenv/domains/trpl7b.my.id/public_html/paru/3.11/lib/python3.11/site-packages/librosa/core/intervals.py:8: UserWarning: pkg_resources is deprecated as an API. See https://setuptools.pypa.io/en/latest/pkg_resources.html. The pkg_resources package is slated for removal as early as 2025-11-30. Refrain from using this package or pin to Setuptools<81.
  from pkg_resources import resource_filename
[UID:1925][380568] Child process with pid: 417727 was killed by signal: 9, core dumped: no
[UID:1925][707735] Child process with pid: 713581 was killed by signal: 9, core dumped: no
/home/trplbmyi/virtualenv/domains/trpl7b.my.id/public_html/paru/3.11/lib/python3.11/site-packages/librosa/core/intervals.py:8: UserWarning: pkg_resources is deprecated as an API. See https://setuptools.pypa.io/en/latest/pkg_resources.html. The pkg_resources package is slated for removal as early as 2025-11-30. Refrain from using this package or pin to Setuptools<81.
  from pkg_resources import resource_filename
[UID:1925][707735] Child process with pid: 716332 was killed by signal: 15, core dumped: no
/home/trplbmyi/virtualenv/domains/trpl7b.my.id/public_html/paru/3.11/lib/python3.11/site-packages/librosa/core/intervals.py:8: UserWarning: pkg_resources is deprecated as an API. See https://setuptools.pypa.io/en/latest/pkg_resources.html. The pkg_resources package is slated for removal as early as 2025-11-30. Refrain from using this package or pin to Setuptools<81.
  from pkg_resources import resource_filename
/home/trplbmyi/virtualenv/domains/trpl7b.my.id/public_html/paru/3.11/lib64/python3.11/site-packages/sklearn/base.py:465: UserWarning: X does not have valid feature names, but StandardScaler was fitted with feature names
  warnings.warn(
/home/trplbmyi/virtualenv/domains/trpl7b.my.id/public_html/paru/3.11/lib64/python3.11/site-packages/sklearn/base.py:465: UserWarning: X does not have valid feature names, but StandardScaler was fitted with feature names
  warnings.warn(
/home/trplbmyi/virtualenv/domains/trpl7b.my.id/public_html/paru/3.11/lib64/python3.11/site-packages/sklearn/base.py:465: UserWarning: X does not have valid feature names, but StandardScaler was fitted with feature names
  warnings.warn(
/home/trplbmyi/virtualenv/domains/trpl7b.my.id/public_html/paru/3.11/lib64/python3.11/site-packages/sklearn/base.py:465: UserWarning: X does not have valid feature names, but StandardScaler was fitted with feature names
  warnings.warn(
/home/trplbmyi/virtualenv/domains/trpl7b.my.id/public_html/paru/3.11/lib64/python3.11/site-packages/sklearn/base.py:465: UserWarning: X does not have valid feature names, but StandardScaler was fitted with feature names
  warnings.warn(
/home/trplbmyi/virtualenv/domains/trpl7b.my.id/public_html/paru/3.11/lib64/python3.11/site-packages/sklearn/base.py:465: UserWarning: X does not have valid feature names, but StandardScaler was fitted with feature names
  warnings.warn(
/home/trplbmyi/virtualenv/domains/trpl7b.my.id/public_html/paru/3.11/lib64/python3.11/site-packages/sklearn/base.py:465: UserWarning: X does not have valid feature names, but StandardScaler was fitted with feature names
  warnings.warn(
/home/trplbmyi/virtualenv/domains/trpl7b.my.id/public_html/paru/3.11/lib64/python3.11/site-packages/sklearn/base.py:465: UserWarning: X does not have valid feature names, but StandardScaler was fitted with feature names
  warnings.warn(
/home/trplbmyi/virtualenv/domains/trpl7b.my.id/public_html/paru/3.11/lib64/python3.11/site-packages/sklearn/base.py:465: UserWarning: X does not have valid feature names, but StandardScaler was fitted with feature names
  warnings.warn(
/home/trplbmyi/virtualenv/domains/trpl7b.my.id/public_html/paru/3.11/lib64/python3.11/site-packages/sklearn/base.py:465: UserWarning: X does not have valid feature names, but StandardScaler was fitted with feature names
  warnings.warn(
/home/trplbmyi/virtualenv/domains/trpl7b.my.id/public_html/paru/3.11/lib/python3.11/site-packages/librosa/core/intervals.py:8: UserWarning: pkg_resources is deprecated as an API. See https://setuptools.pypa.io/en/latest/pkg_resources.html. The pkg_resources package is slated for removal as early as 2025-11-30. Refrain from using this package or pin to Setuptools<81.
  from pkg_resources import resource_filename
app.py:61: UserWarning: PySoundFile failed. Trying audioread instead.
  log_file.write(f'File disimpan di: {filepath}\n')
/home/trplbmyi/virtualenv/domains/trpl7b.my.id/public_html/paru/3.11/lib/python3.11/site-packages/librosa/core/audio.py:183: FutureWarning: librosa.core.audio.__audioread_load
	Deprecated as of librosa version 0.10.0.
	It will be removed in librosa version 1.0.
  y, sr_native = __audioread_load(path, offset, duration, dtype)
/home/trplbmyi/virtualenv/domains/trpl7b.my.id/public_html/paru/3.11/lib64/python3.11/site-packages/sklearn/base.py:465: UserWarning: X does not have valid feature names, but StandardScaler was fitted with feature names
  warnings.warn(
[UID:1925][997414] Child process with pid: 1001458 was killed by signal: 9, core dumped: no
[UID:1925][997414] Child process with pid: 1010582 was killed by signal: 15, core dumped: no
/home/trplbmyi/virtualenv/domains/trpl7b.my.id/public_html/paru/3.11/lib/python3.11/site-packages/librosa/core/intervals.py:8: UserWarning: pkg_resources is deprecated as an API. See https://setuptools.pypa.io/en/latest/pkg_resources.html. The pkg_resources package is slated for removal as early as 2025-11-30. Refrain from using this package or pin to Setuptools<81.
  from pkg_resources import resource_filename
[UID:1925][997414] Child process with pid: 1018130 was killed by signal: 9, core dumped: no
/home/trplbmyi/virtualenv/domains/trpl7b.my.id/public_html/paru/3.11/lib/python3.11/site-packages/librosa/core/intervals.py:8: UserWarning: pkg_resources is deprecated as an API. See https://setuptools.pypa.io/en/latest/pkg_resources.html. The pkg_resources package is slated for removal as early as 2025-11-30. Refrain from using this package or pin to Setuptools<81.
  from pkg_resources import resource_filename
/home/trplbmyi/virtualenv/domains/trpl7b.my.id/public_html/paru/3.11/lib64/python3.11/site-packages/sklearn/base.py:465: UserWarning: X does not have valid feature names, but StandardScaler was fitted with feature names
  warnings.warn(
/home/trplbmyi/virtualenv/domains/trpl7b.my.id/public_html/paru/3.11/lib64/python3.11/site-packages/sklearn/base.py:465: UserWarning: X does not have valid feature names, but StandardScaler was fitted with feature names
  warnings.warn(
/home/trplbmyi/virtualenv/domains/trpl7b.my.id/public_html/paru/3.11/lib64/python3.11/site-packages/sklearn/base.py:465: UserWarning: X does not have valid feature names, but StandardScaler was fitted with feature names
  warnings.warn(
/home/trplbmyi/virtualenv/domains/trpl7b.my.id/public_html/paru/3.11/lib64/python3.11/site-packages/sklearn/base.py:465: UserWarning: X does not have valid feature names, but StandardScaler was fitted with feature names
  warnings.warn(
/home/trplbmyi/virtualenv/domains/trpl7b.my.id/public_html/paru/3.11/lib64/python3.11/site-packages/sklearn/base.py:465: UserWarning: X does not have valid feature names, but StandardScaler was fitted with feature names
  warnings.warn(
/home/trplbmyi/virtualenv/domains/trpl7b.my.id/public_html/paru/3.11/lib64/python3.11/site-packages/sklearn/base.py:465: UserWarning: X does not have valid feature names, but StandardScaler was fitted with feature names
  warnings.warn(
/home/trplbmyi/virtualenv/domains/trpl7b.my.id/public_html/paru/3.11/lib64/python3.11/site-packages/sklearn/base.py:465: UserWarning: X does not have valid feature names, but StandardScaler was fitted with feature names
  warnings.warn(
/home/trplbmyi/virtualenv/domains/trpl7b.my.id/public_html/paru/3.11/lib64/python3.11/site-packages/sklearn/base.py:465: UserWarning: X does not have valid feature names, but StandardScaler was fitted with feature names
  warnings.warn(
/home/trplbmyi/virtualenv/domains/trpl7b.my.id/public_html/paru/3.11/lib64/python3.11/site-packages/sklearn/base.py:465: UserWarning: X does not have valid feature names, but StandardScaler was fitted with feature names
  warnings.warn(
/home/trplbmyi/virtualenv/domains/trpl7b.my.id/public_html/paru/3.11/lib64/python3.11/site-packages/sklearn/base.py:465: UserWarning: X does not have valid feature names, but StandardScaler was fitted with feature names
  warnings.warn(
/home/trplbmyi/virtualenv/domains/trpl7b.my.id/public_html/paru/3.11/lib64/python3.11/site-packages/sklearn/base.py:465: UserWarning: X does not have valid feature names, but StandardScaler was fitted with feature names
  warnings.warn(
app.py:72: UserWarning: PySoundFile failed. Trying audioread instead.
  y, sr = librosa.load(filepath, sr=22050, duration=3.0)
/home/trplbmyi/virtualenv/domains/trpl7b.my.id/public_html/paru/3.11/lib/python3.11/site-packages/librosa/core/audio.py:183: FutureWarning: librosa.core.audio.__audioread_load
	Deprecated as of librosa version 0.10.0.
	It will be removed in librosa version 1.0.
  y, sr_native = __audioread_load(path, offset, duration, dtype)
/home/trplbmyi/virtualenv/domains/trpl7b.my.id/public_html/paru/3.11/lib64/python3.11/site-packages/sklearn/base.py:465: UserWarning: X does not have valid feature names, but StandardScaler was fitted with feature names
  warnings.warn(
/home/trplbmyi/virtualenv/domains/trpl7b.my.id/public_html/paru/3.11/lib64/python3.11/site-packages/sklearn/base.py:465: UserWarning: X does not have valid feature names, but StandardScaler was fitted with feature names
  warnings.warn(
/home/trplbmyi/virtualenv/domains/trpl7b.my.id/public_html/paru/3.11/lib64/python3.11/site-packages/sklearn/base.py:465: UserWarning: X does not have valid feature names, but StandardScaler was fitted with feature names
  warnings.warn(
app.py:72: UserWarning: PySoundFile failed. Trying audioread instead.
  y, sr = librosa.load(filepath, sr=22050, duration=3.0)
/home/trplbmyi/virtualenv/domains/trpl7b.my.id/public_html/paru/3.11/lib/python3.11/site-packages/librosa/core/audio.py:183: FutureWarning: librosa.core.audio.__audioread_load
	Deprecated as of librosa version 0.10.0.
	It will be removed in librosa version 1.0.
  y, sr_native = __audioread_load(path, offset, duration, dtype)
/home/trplbmyi/virtualenv/domains/trpl7b.my.id/public_html/paru/3.11/lib64/python3.11/site-packages/sklearn/base.py:465: UserWarning: X does not have valid feature names, but StandardScaler was fitted with feature names
  warnings.warn(
/home/trplbmyi/virtualenv/domains/trpl7b.my.id/public_html/paru/3.11/lib64/python3.11/site-packages/sklearn/base.py:465: UserWarning: X does not have valid feature names, but StandardScaler was fitted with feature names
  warnings.warn(
app.py:72: UserWarning: PySoundFile failed. Trying audioread instead.
  y, sr = librosa.load(filepath, sr=22050, duration=3.0)
/home/trplbmyi/virtualenv/domains/trpl7b.my.id/public_html/paru/3.11/lib/python3.11/site-packages/librosa/core/audio.py:183: FutureWarning: librosa.core.audio.__audioread_load
	Deprecated as of librosa version 0.10.0.
	It will be removed in librosa version 1.0.
  y, sr_native = __audioread_load(path, offset, duration, dtype)
/home/trplbmyi/virtualenv/domains/trpl7b.my.id/public_html/paru/3.11/lib64/python3.11/site-packages/sklearn/base.py:465: UserWarning: X does not have valid feature names, but StandardScaler was fitted with feature names
  warnings.warn(
app.py:72: UserWarning: PySoundFile failed. Trying audioread instead.
  y, sr = librosa.load(filepath, sr=22050, duration=3.0)
/home/trplbmyi/virtualenv/domains/trpl7b.my.id/public_html/paru/3.11/lib/python3.11/site-packages/librosa/core/audio.py:183: FutureWarning: librosa.core.audio.__audioread_load
	Deprecated as of librosa version 0.10.0.
	It will be removed in librosa version 1.0.
  y, sr_native = __audioread_load(path, offset, duration, dtype)
/home/trplbmyi/virtualenv/domains/trpl7b.my.id/public_html/paru/3.11/lib64/python3.11/site-packages/sklearn/base.py:465: UserWarning: X does not have valid feature names, but StandardScaler was fitted with feature names
  warnings.warn(
/home/trplbmyi/virtualenv/domains/trpl7b.my.id/public_html/paru/3.11/lib64/python3.11/site-packages/sklearn/base.py:465: UserWarning: X does not have valid feature names, but StandardScaler was fitted with feature names
  warnings.warn(
/home/trplbmyi/virtualenv/domains/trpl7b.my.id/public_html/paru/3.11/lib64/python3.11/site-packages/sklearn/base.py:465: UserWarning: X does not have valid feature names, but StandardScaler was fitted with feature names
  warnings.warn(
/home/trplbmyi/virtualenv/domains/trpl7b.my.id/public_html/paru/3.11/lib64/python3.11/site-packages/sklearn/base.py:465: UserWarning: X does not have valid feature names, but StandardScaler was fitted with feature names
  warnings.warn(
/home/trplbmyi/virtualenv/domains/trpl7b.my.id/public_html/paru/3.11/lib64/python3.11/site-packages/sklearn/base.py:465: UserWarning: X does not have valid feature names, but StandardScaler was fitted with feature names
  warnings.warn(
/home/trplbmyi/virtualenv/domains/trpl7b.my.id/public_html/paru/3.11/lib64/python3.11/site-packages/sklearn/base.py:465: UserWarning: X does not have valid feature names, but StandardScaler was fitted with feature names
  warnings.warn(
/home/trplbmyi/virtualenv/domains/trpl7b.my.id/public_html/paru/3.11/lib64/python3.11/site-packages/sklearn/base.py:465: UserWarning: X does not have valid feature names, but StandardScaler was fitted with feature names
  warnings.warn(
/home/trplbmyi/virtualenv/domains/trpl7b.my.id/public_html/paru/3.11/lib64/python3.11/site-packages/sklearn/base.py:465: UserWarning: X does not have valid feature names, but StandardScaler was fitted with feature names
  warnings.warn(
/home/trplbmyi/virtualenv/domains/trpl7b.my.id/public_html/paru/3.11/lib64/python3.11/site-packages/sklearn/base.py:465: UserWarning: X does not have valid feature names, but StandardScaler was fitted with feature names
  warnings.warn(
/home/trplbmyi/virtualenv/domains/trpl7b.my.id/public_html/paru/3.11/lib64/python3.11/site-packages/sklearn/base.py:465: UserWarning: X does not have valid feature names, but StandardScaler was fitted with feature names
  warnings.warn(
/home/trplbmyi/virtualenv/domains/trpl7b.my.id/public_html/paru/3.11/lib64/python3.11/site-packages/sklearn/base.py:465: UserWarning: X does not have valid feature names, but StandardScaler was fitted with feature names
  warnings.warn(
/home/trplbmyi/virtualenv/domains/trpl7b.my.id/public_html/paru/3.11/lib64/python3.11/site-packages/sklearn/base.py:465: UserWarning: X does not have valid feature names, but StandardScaler was fitted with feature names
  warnings.warn(
/home/trplbmyi/virtualenv/domains/trpl7b.my.id/public_html/paru/3.11/lib64/python3.11/site-packages/sklearn/base.py:465: UserWarning: X does not have valid feature names, but StandardScaler was fitted with feature names
  warnings.warn(
/home/trplbmyi/virtualenv/domains/trpl7b.my.id/public_html/paru/3.11/lib64/python3.11/site-packages/sklearn/base.py:465: UserWarning: X does not have valid feature names, but StandardScaler was fitted with feature names
  warnings.warn(
/home/trplbmyi/virtualenv/domains/trpl7b.my.id/public_html/paru/3.11/lib64/python3.11/site-packages/sklearn/base.py:465: UserWarning: X does not have valid feature names, but StandardScaler was fitted with feature names
  warnings.warn(
/home/trplbmyi/virtualenv/domains/trpl7b.my.id/public_html/paru/3.11/lib64/python3.11/site-packages/sklearn/base.py:465: UserWarning: X does not have valid feature names, but StandardScaler was fitted with feature names
  warnings.warn(
/home/trplbmyi/virtualenv/domains/trpl7b.my.id/public_html/paru/3.11/lib64/python3.11/site-packages/sklearn/base.py:465: UserWarning: X does not have valid feature names, but StandardScaler was fitted with feature names
  warnings.warn(
/home/trplbmyi/virtualenv/domains/trpl7b.my.id/public_html/paru/3.11/lib64/python3.11/site-packages/sklearn/base.py:465: UserWarning: X does not have valid feature names, but StandardScaler was fitted with feature names
  warnings.warn(
/home/trplbmyi/virtualenv/domains/trpl7b.my.id/public_html/paru/3.11/lib64/python3.11/site-packages/sklearn/base.py:465: UserWarning: X does not have valid feature names, but StandardScaler was fitted with feature names
  warnings.warn(
/home/trplbmyi/virtualenv/domains/trpl7b.my.id/public_html/paru/3.11/lib64/python3.11/site-packages/sklearn/base.py:465: UserWarning: X does not have valid feature names, but StandardScaler was fitted with feature names
  warnings.warn(
/home/trplbmyi/virtualenv/domains/trpl7b.my.id/public_html/paru/3.11/lib64/python3.11/site-packages/sklearn/base.py:465: UserWarning: X does not have valid feature names, but StandardScaler was fitted with feature names
  warnings.warn(
/home/trplbmyi/virtualenv/domains/trpl7b.my.id/public_html/paru/3.11/lib64/python3.11/site-packages/sklearn/base.py:465: UserWarning: X does not have valid feature names, but StandardScaler was fitted with feature names
  warnings.warn(
/home/trplbmyi/virtualenv/domains/trpl7b.my.id/public_html/paru/3.11/lib64/python3.11/site-packages/sklearn/base.py:465: UserWarning: X does not have valid feature names, but StandardScaler was fitted with feature names
  warnings.warn(
app.py:72: UserWarning: PySoundFile failed. Trying audioread instead.
  y, sr = librosa.load(filepath, sr=22050, duration=3.0)
/home/trplbmyi/virtualenv/domains/trpl7b.my.id/public_html/paru/3.11/lib/python3.11/site-packages/librosa/core/audio.py:183: FutureWarning: librosa.core.audio.__audioread_load
	Deprecated as of librosa version 0.10.0.
	It will be removed in librosa version 1.0.
  y, sr_native = __audioread_load(path, offset, duration, dtype)
/home/trplbmyi/virtualenv/domains/trpl7b.my.id/public_html/paru/3.11/lib64/python3.11/site-packages/sklearn/base.py:465: UserWarning: X does not have valid feature names, but StandardScaler was fitted with feature names
  warnings.warn(
/home/trplbmyi/virtualenv/domains/trpl7b.my.id/public_html/paru/3.11/lib64/python3.11/site-packages/sklearn/base.py:465: UserWarning: X does not have valid feature names, but StandardScaler was fitted with feature names
  warnings.warn(
app.py:72: UserWarning: PySoundFile failed. Trying audioread instead.
  y, sr = librosa.load(filepath, sr=22050, duration=3.0)
/home/trplbmyi/virtualenv/domains/trpl7b.my.id/public_html/paru/3.11/lib/python3.11/site-packages/librosa/core/audio.py:183: FutureWarning: librosa.core.audio.__audioread_load
	Deprecated as of librosa version 0.10.0.
	It will be removed in librosa version 1.0.
  y, sr_native = __audioread_load(path, offset, duration, dtype)
/home/trplbmyi/virtualenv/domains/trpl7b.my.id/public_html/paru/3.11/lib64/python3.11/site-packages/sklearn/base.py:465: UserWarning: X does not have valid feature names, but StandardScaler was fitted with feature names
  warnings.warn(
app.py:72: UserWarning: PySoundFile failed. Trying audioread instead.
  y, sr = librosa.load(filepath, sr=22050, duration=3.0)
/home/trplbmyi/virtualenv/domains/trpl7b.my.id/public_html/paru/3.11/lib/python3.11/site-packages/librosa/core/audio.py:183: FutureWarning: librosa.core.audio.__audioread_load
	Deprecated as of librosa version 0.10.0.
	It will be removed in librosa version 1.0.
  y, sr_native = __audioread_load(path, offset, duration, dtype)
/home/trplbmyi/virtualenv/domains/trpl7b.my.id/public_html/paru/3.11/lib64/python3.11/site-packages/sklearn/base.py:465: UserWarning: X does not have valid feature names, but StandardScaler was fitted with feature names
  warnings.warn(
/home/trplbmyi/virtualenv/domains/trpl7b.my.id/public_html/paru/3.11/lib64/python3.11/site-packages/sklearn/base.py:465: UserWarning: X does not have valid feature names, but StandardScaler was fitted with feature names
  warnings.warn(
app.py:72: UserWarning: PySoundFile failed. Trying audioread instead.
  y, sr = librosa.load(filepath, sr=22050, duration=3.0)
/home/trplbmyi/virtualenv/domains/trpl7b.my.id/public_html/paru/3.11/lib/python3.11/site-packages/librosa/core/audio.py:183: FutureWarning: librosa.core.audio.__audioread_load
	Deprecated as of librosa version 0.10.0.
	It will be removed in librosa version 1.0.
  y, sr_native = __audioread_load(path, offset, duration, dtype)
/home/trplbmyi/virtualenv/domains/trpl7b.my.id/public_html/paru/3.11/lib64/python3.11/site-packages/sklearn/base.py:465: UserWarning: X does not have valid feature names, but StandardScaler was fitted with feature names
  warnings.warn(
/home/trplbmyi/virtualenv/domains/trpl7b.my.id/public_html/paru/3.11/lib/python3.11/site-packages/librosa/core/intervals.py:8: UserWarning: pkg_resources is deprecated as an API. See https://setuptools.pypa.io/en/latest/pkg_resources.html. The pkg_resources package is slated for removal as early as 2025-11-30. Refrain from using this package or pin to Setuptools<81.
  from pkg_resources import resource_filename
/home/trplbmyi/virtualenv/domains/trpl7b.my.id/public_html/paru/3.11/lib64/python3.11/site-packages/sklearn/base.py:465: UserWarning: X does not have valid feature names, but StandardScaler was fitted with feature names
  warnings.warn(
[UID:1925][1243011] Child process with pid: 1248816 was killed by signal: 9, core dumped: no
/home/trplbmyi/virtualenv/domains/trpl7b.my.id/public_html/paru/3.11/lib/python3.11/site-packages/librosa/core/intervals.py:8: UserWarning: pkg_resources is deprecated as an API. See https://setuptools.pypa.io/en/latest/pkg_resources.html. The pkg_resources package is slated for removal as early as 2025-11-30. Refrain from using this package or pin to Setuptools<81.
  from pkg_resources import resource_filename
/home/trplbmyi/virtualenv/domains/trpl7b.my.id/public_html/paru/3.11/lib64/python3.11/site-packages/sklearn/base.py:465: UserWarning: X does not have valid feature names, but StandardScaler was fitted with feature names
  warnings.warn(
/home/trplbmyi/virtualenv/domains/trpl7b.my.id/public_html/paru/3.11/lib64/python3.11/site-packages/sklearn/base.py:465: UserWarning: X does not have valid feature names, but StandardScaler was fitted with feature names
  warnings.warn(
/home/trplbmyi/virtualenv/domains/trpl7b.my.id/public_html/paru/3.11/lib64/python3.11/site-packages/sklearn/base.py:465: UserWarning: X does not have valid feature names, but StandardScaler was fitted with feature names
  warnings.warn(
[UID:1925][1815276] Child process with pid: 1826028 was killed by signal: 15, core dumped: no
/home/trplbmyi/virtualenv/domains/trpl7b.my.id/public_html/paru/3.11/lib/python3.11/site-packages/librosa/core/intervals.py:8: UserWarning: pkg_resources is deprecated as an API. See https://setuptools.pypa.io/en/latest/pkg_resources.html. The pkg_resources package is slated for removal as early as 2025-11-30. Refrain from using this package or pin to Setuptools<81.
  from pkg_resources import resource_filename
[UID:1925][1815276] Child process with pid: 1827081 was killed by signal: 15, core dumped: no
/home/trplbmyi/virtualenv/domains/trpl7b.my.id/public_html/paru/3.11/lib/python3.11/site-packages/librosa/core/intervals.py:8: UserWarning: pkg_resources is deprecated as an API. See https://setuptools.pypa.io/en/latest/pkg_resources.html. The pkg_resources package is slated for removal as early as 2025-11-30. Refrain from using this package or pin to Setuptools<81.
  from pkg_resources import resource_filename
app.py:72: UserWarning: PySoundFile failed. Trying audioread instead.
  y, sr = librosa.load(filepath, sr=22050, duration=3.0)
/home/trplbmyi/virtualenv/domains/trpl7b.my.id/public_html/paru/3.11/lib/python3.11/site-packages/librosa/core/audio.py:183: FutureWarning: librosa.core.audio.__audioread_load
	Deprecated as of librosa version 0.10.0.
	It will be removed in librosa version 1.0.
  y, sr_native = __audioread_load(path, offset, duration, dtype)
/home/trplbmyi/virtualenv/domains/trpl7b.my.id/public_html/paru/3.11/lib64/python3.11/site-packages/sklearn/base.py:465: UserWarning: X does not have valid feature names, but StandardScaler was fitted with feature names
  warnings.warn(
[UID:1925][3859102] Child process with pid: 3867991 was killed by signal: 9, core dumped: no
[UID:1925][3859102] Child process with pid: 3869066 was killed by signal: 15, core dumped: no
/home/trplbmyi/virtualenv/domains/trpl7b.my.id/public_html/paru/3.11/lib/python3.11/site-packages/librosa/core/intervals.py:8: UserWarning: pkg_resources is deprecated as an API. See https://setuptools.pypa.io/en/latest/pkg_resources.html. The pkg_resources package is slated for removal as early as 2025-11-30. Refrain from using this package or pin to Setuptools<81.
  from pkg_resources import resource_filename
[UID:1925][3859102] Child process with pid: 3869393 was killed by signal: 15, core dumped: no
/home/trplbmyi/virtualenv/domains/trpl7b.my.id/public_html/paru/3.11/lib/python3.11/site-packages/librosa/core/intervals.py:8: UserWarning: pkg_resources is deprecated as an API. See https://setuptools.pypa.io/en/latest/pkg_resources.html. The pkg_resources package is slated for removal as early as 2025-11-30. Refrain from using this package or pin to Setuptools<81.
  from pkg_resources import resource_filename
/home/trplbmyi/virtualenv/domains/trpl7b.my.id/public_html/paru/3.11/lib64/python3.11/site-packages/sklearn/base.py:465: UserWarning: X does not have valid feature names, but StandardScaler was fitted with feature names
  warnings.warn(
/home/trplbmyi/virtualenv/domains/trpl7b.my.id/public_html/paru/3.11/lib64/python3.11/site-packages/sklearn/base.py:465: UserWarning: X does not have valid feature names, but StandardScaler was fitted with feature names
  warnings.warn(
/home/trplbmyi/virtualenv/domains/trpl7b.my.id/public_html/paru/3.11/lib/python3.11/site-packages/librosa/core/intervals.py:8: UserWarning: pkg_resources is deprecated as an API. See https://setuptools.pypa.io/en/latest/pkg_resources.html. The pkg_resources package is slated for removal as early as 2025-11-30. Refrain from using this package or pin to Setuptools<81.
  from pkg_resources import resource_filename
/home/trplbmyi/virtualenv/domains/trpl7b.my.id/public_html/paru/3.11/lib64/python3.11/site-packages/sklearn/base.py:465: UserWarning: X does not have valid feature names, but StandardScaler was fitted with feature names
  warnings.warn(
/home/trplbmyi/virtualenv/domains/trpl7b.my.id/public_html/paru/3.11/lib/python3.11/site-packages/librosa/core/intervals.py:8: UserWarning: pkg_resources is deprecated as an API. See https://setuptools.pypa.io/en/latest/pkg_resources.html. The pkg_resources package is slated for removal as early as 2025-11-30. Refrain from using this package or pin to Setuptools<81.
  from pkg_resources import resource_filename
/home/trplbmyi/virtualenv/domains/trpl7b.my.id/public_html/paru/3.11/lib64/python3.11/site-packages/sklearn/base.py:465: UserWarning: X does not have valid feature names, but StandardScaler was fitted with feature names
  warnings.warn(
[UID:1925][2350182] Child process with pid: 2357042 was killed by signal: 9, core dumped: no
[UID:1925][2441108] Child process with pid: 2441736 was killed by signal: 9, core dumped: no
/home/trplbmyi/virtualenv/domains/trpl7b.my.id/public_html/paru/3.11/lib/python3.11/site-packages/librosa/core/intervals.py:8: UserWarning: pkg_resources is deprecated as an API. See https://setuptools.pypa.io/en/latest/pkg_resources.html. The pkg_resources package is slated for removal as early as 2025-11-30. Refrain from using this package or pin to Setuptools<81.
  from pkg_resources import resource_filename
/home/trplbmyi/virtualenv/domains/trpl7b.my.id/public_html/paru/3.11/lib64/python3.11/site-packages/sklearn/base.py:465: UserWarning: X does not have valid feature names, but StandardScaler was fitted with feature names
  warnings.warn(
/home/trplbmyi/virtualenv/domains/trpl7b.my.id/public_html/paru/3.11/lib64/python3.11/site-packages/sklearn/base.py:465: UserWarning: X does not have valid feature names, but StandardScaler was fitted with feature names
  warnings.warn(
/home/trplbmyi/virtualenv/domains/trpl7b.my.id/public_html/paru/3.11/lib64/python3.11/site-packages/sklearn/base.py:465: UserWarning: X does not have valid feature names, but StandardScaler was fitted with feature names
  warnings.warn(
[UID:1925][3021714] Child process with pid: 3036149 was killed by signal: 9, core dumped: no
/home/trplbmyi/virtualenv/domains/trpl7b.my.id/public_html/paru/3.11/lib/python3.11/site-packages/librosa/core/intervals.py:8: UserWarning: pkg_resources is deprecated as an API. See https://setuptools.pypa.io/en/latest/pkg_resources.html. The pkg_resources package is slated for removal as early as 2025-11-30. Refrain from using this package or pin to Setuptools<81.
  from pkg_resources import resource_filename
/home/trplbmyi/virtualenv/domains/trpl7b.my.id/public_html/paru/3.11/lib/python3.11/site-packages/librosa/core/intervals.py:8: UserWarning: pkg_resources is deprecated as an API. See https://setuptools.pypa.io/en/latest/pkg_resources.html. The pkg_resources package is slated for removal as early as 2025-11-30. Refrain from using this package or pin to Setuptools<81.
  from pkg_resources import resource_filename
/home/trplbmyi/virtualenv/domains/trpl7b.my.id/public_html/paru/3.11/lib64/python3.11/site-packages/sklearn/base.py:465: UserWarning: X does not have valid feature names, but StandardScaler was fitted with feature names
  warnings.warn(
/home/trplbmyi/virtualenv/domains/trpl7b.my.id/public_html/paru/3.11/lib64/python3.11/site-packages/sklearn/base.py:465: UserWarning: X does not have valid feature names, but StandardScaler was fitted with feature names
  warnings.warn(
/home/trplbmyi/virtualenv/domains/trpl7b.my.id/public_html/paru/3.11/lib64/python3.11/site-packages/sklearn/base.py:465: UserWarning: X does not have valid feature names, but StandardScaler was fitted with feature names
  warnings.warn(
